%!Adobe-FontList 1.25
%Locale:0x41a

%BeginFont
Handler:DirectoryHandler
FontType:Invalid
OutlineFileName:C:\Users\lanad\Desktop\projektni_zadatak\Font\LanaDoslic.ttf.sfd
FileModTime:1763473356
%EndFont

%BeginFont
Handler:DirectoryHandler
FontType:TrueType
FontName:LanaDoslic
FamilyName:LanaDoslic
StyleName:Regular
FullName:LanaDoslic
MenuName:LanaDoslic
StyleBits:0
WritingScript:Roman
OutlineFileName:C:\Users\lanad\Desktop\projektni_zadatak\Font\LanaDoslic.ttf.ttf
DataFormat:sfntData
hasSVG:no
hasCOLR:no
VariableFontType:NonVariableFont
FileLength:3596
FileModTime:1760897160
WeightClass:400
WidthClass:5
AngleClass:0
NameArray:0,Mac,4,LanaDoslic
NameArray:0,Win,1,LanaDoslic
%EndFont

